-------------------------------------------------------------------------------
Test set: com.billboardapplication.BillboardApplicationTests
-------------------------------------------------------------------------------
Tests run: 1, Failures: 0, Errors: 1, Skipped: 0, Time elapsed: 3.686 s <<< FAILURE! - in com.billboardapplication.BillboardApplicationTests
contextLoads  Time elapsed: 0.001 s  <<< ERROR!
java.lang.IllegalStateException: Failed to load ApplicationContext
Caused by: org.springframework.beans.factory.UnsatisfiedDependencyException: Error creating bean with name 'userServiceImp' defined in file [C:\Users\79153\Desktop\BillboardApplication\target\classes\com\billboardapplication\service\Imp\UserServiceImp.class]: Unsatisfied dependency expressed through constructor parameter 0; nested exception is org.springframework.beans.factory.BeanCreationException: Error creating bean with name 'userRepository' defined in com.billboardapplication.repository.UserRepository defined in @EnableJpaRepositories declared on JpaRepositoriesRegistrar.EnableJpaRepositoriesConfiguration: Invocation of init method failed; nested exception is org.springframework.data.repository.query.QueryCreationException: Could not create query for public abstract java.util.Optional com.billboardapplication.repository.UserRepository.findByEmail(java.lang.String); Reason: Failed to create query for method public abstract java.util.Optional com.billboardapplication.repository.UserRepository.findByEmail(java.lang.String)! No property 'email' found for type 'User'; nested exception is java.lang.IllegalArgumentException: Failed to create query for method public abstract java.util.Optional com.billboardapplication.repository.UserRepository.findByEmail(java.lang.String)! No property 'email' found for type 'User'
Caused by: org.springframework.beans.factory.BeanCreationException: Error creating bean with name 'userRepository' defined in com.billboardapplication.repository.UserRepository defined in @EnableJpaRepositories declared on JpaRepositoriesRegistrar.EnableJpaRepositoriesConfiguration: Invocation of init method failed; nested exception is org.springframework.data.repository.query.QueryCreationException: Could not create query for public abstract java.util.Optional com.billboardapplication.repository.UserRepository.findByEmail(java.lang.String); Reason: Failed to create query for method public abstract java.util.Optional com.billboardapplication.repository.UserRepository.findByEmail(java.lang.String)! No property 'email' found for type 'User'; nested exception is java.lang.IllegalArgumentException: Failed to create query for method public abstract java.util.Optional com.billboardapplication.repository.UserRepository.findByEmail(java.lang.String)! No property 'email' found for type 'User'
Caused by: org.springframework.data.repository.query.QueryCreationException: Could not create query for public abstract java.util.Optional com.billboardapplication.repository.UserRepository.findByEmail(java.lang.String); Reason: Failed to create query for method public abstract java.util.Optional com.billboardapplication.repository.UserRepository.findByEmail(java.lang.String)! No property 'email' found for type 'User'; nested exception is java.lang.IllegalArgumentException: Failed to create query for method public abstract java.util.Optional com.billboardapplication.repository.UserRepository.findByEmail(java.lang.String)! No property 'email' found for type 'User'
Caused by: java.lang.IllegalArgumentException: Failed to create query for method public abstract java.util.Optional com.billboardapplication.repository.UserRepository.findByEmail(java.lang.String)! No property 'email' found for type 'User'
Caused by: org.springframework.data.mapping.PropertyReferenceException: No property 'email' found for type 'User'

